<?xml version="1.0" encoding="UTF-8"?>
<!-- Generated by org.testng.reporters.JUnitXMLReporter -->
<testsuite ignored="1" hostname="SRINIVAS-G2005" failures="0" tests="1" name="Default test" time="5.958" errors="0" timestamp="2025-07-31T21:09:17 IST">
  <testcase classname="testCases.LoginFunctionality" name="testPasswordMaskedbutton" time="0.198"/>
  <testcase classname="testCases.LoginFunctionality" name="testLoginButtonDisabledWhenFieldAreEmpty" time="0.0">
    <ignored/>
  </testcase> <!-- testLoginButtonDisabledWhenFieldAreEmpty -->
</testsuite> <!-- Default test -->
