<?xml version="1.0" encoding="UTF-8"?>
<!-- Generated by org.testng.reporters.JUnitXMLReporter -->
<testsuite ignored="0" hostname="SRINIVAS-G2005" failures="0" tests="4" name="Default test" time="26.283" errors="0" timestamp="2025-07-31T22:40:53 IST">
  <testcase classname="testCases.LoginFunctionality" name="testLoginButtonDisabledWhenFieldAreEmpty" time="8.186"/>
  <testcase classname="testCases.LoginFunctionality" name="testPasswordMaskedbutton" time="0.466"/>
  <testcase classname="testCases.LoginFunctionality" name="testInvalidLoginShowErrorMsg" time="0.901"/>
  <testcase classname="testCases.LoginFunctionality" name="testPresenceOfUIElements" time="6.559"/>
</testsuite> <!-- Default test -->
