<?xml version="1.0" encoding="UTF-8"?>
<!-- Generated by org.testng.reporters.JUnitXMLReporter -->
<testsuite ignored="0" hostname="SRINIVAS-G2005" failures="0" tests="4" name="Test" time="39.902" errors="0" timestamp="2025-08-01T19:15:42 IST">
  <testcase classname="testCases.LoginFunctionality" name="testLoginButtonDisabledWhenFieldAreEmpty" time="7.706"/>
  <testcase classname="testCases.LoginFunctionality" name="testPasswordMaskedbutton" time="0.463"/>
  <testcase classname="testCases.LoginFunctionality" name="testInvalidLoginShowErrorMsg" time="0.816"/>
  <testcase classname="testCases.LoginFunctionality" name="testPresenceOfUIElements" time="6.403"/>
</testsuite> <!-- Test -->
