<?xml version="1.0" encoding="UTF-8"?>
<!-- Generated by org.testng.reporters.JUnitXMLReporter -->
<testsuite ignored="0" hostname="SRINIVAS-G2005" failures="0" tests="4" name="Test" time="16.201" errors="0" timestamp="2025-07-31T22:44:24 IST">
  <testcase classname="testCases.LoginFunctionality" name="testLoginButtonDisabledWhenFieldAreEmpty" time="1.453"/>
  <testcase classname="testCases.LoginFunctionality" name="testPasswordMaskedbutton" time="0.479"/>
  <testcase classname="testCases.LoginFunctionality" name="testInvalidLoginShowErrorMsg" time="0.854"/>
  <testcase classname="testCases.LoginFunctionality" name="testPresenceOfUIElements" time="5.312"/>
</testsuite> <!-- Test -->
